PLINK v1.90b6.23 64-bit (28 May 2021)
Options in effect:
  --allow-extra-chr
  --double-id
  --extract plink/F1Juveniles_Merged.prune.in
  --make-bed
  --out plink/F1Juveniles_Merged
  --pca
  --set-missing-var-ids @:#
  --vcf F1Juveniles_Merged.vcf.gz

Hostname: node10.cluster
Working directory: /home/sgurr/Airradians_lcWGS/snakemake_pipeline/angsd/output/F1_Juveniles/query_dups
Start time: Fri May  3 11:09:11 2024

Random number seed: 1714759751
95104 MB RAM detected; reserving 47552 MB for main workspace.
--vcf: plink/F1Juveniles_Merged-temporary.bed +
plink/F1Juveniles_Merged-temporary.bim + plink/F1Juveniles_Merged-temporary.fam
written.
62579 variants loaded from .bim file.
62579 missing IDs set.
79 people (0 males, 0 females, 79 ambiguous) loaded from .fam.
Ambiguous sex IDs written to plink/F1Juveniles_Merged.nosex .
--extract: 36796 variants remaining.
Using up to 19 threads (change this with --threads).
Before main variant filters, 79 founders and 0 nonfounders present.
Calculating allele frequencies... done.
Total genotyping rate is 0.595212.
36796 variants and 79 people pass filters and QC.
Note: No phenotypes present.
Relationship matrix calculation complete.
--pca: Results saved to plink/F1Juveniles_Merged.eigenval and
plink/F1Juveniles_Merged.eigenvec .
--make-bed to plink/F1Juveniles_Merged.bed + plink/F1Juveniles_Merged.bim +
plink/F1Juveniles_Merged.fam ... done.

End time: Fri May  3 11:09:12 2024
