PLINK v1.90b6.23 64-bit (28 May 2021)
Options in effect:
  --allow-extra-chr
  --double-id
  --make-bed
  --out plink_bed/F1F3_LOWvMOD_merge_longcontig
  --vcf F1F3_LOWvMOD_merge_longcontigs.vcf.gz

Hostname: node01.cluster
Working directory: /home/sgurr/Airradians_lcWGS/snakemake_pipeline/angsd/analysis/7_F1F3_LOWvMOD_Juveniles/contig_filtered
Start time: Wed Jun 26 10:42:12 2024

Random number seed: 1719423732
95104 MB RAM detected; reserving 47552 MB for main workspace.
Allocated 35664 MB successfully, after larger attempt(s) failed.
--vcf: plink_bed/F1F3_LOWvMOD_merge_longcontig-temporary.bed +
plink_bed/F1F3_LOWvMOD_merge_longcontig-temporary.bim +
plink_bed/F1F3_LOWvMOD_merge_longcontig-temporary.fam written.
48120 variants loaded from .bim file.
180 people (0 males, 0 females, 180 ambiguous) loaded from .fam.
Ambiguous sex IDs written to plink_bed/F1F3_LOWvMOD_merge_longcontig.nosex .
Using 1 thread (no multithreaded calculations invoked).
Before main variant filters, 180 founders and 0 nonfounders present.
Calculating allele frequencies... done.
Total genotyping rate is 0.372134.
48120 variants and 180 people pass filters and QC.
Note: No phenotypes present.
--make-bed to plink_bed/F1F3_LOWvMOD_merge_longcontig.bed +
plink_bed/F1F3_LOWvMOD_merge_longcontig.bim +
plink_bed/F1F3_LOWvMOD_merge_longcontig.fam ... done.

End time: Wed Jun 26 10:42:13 2024
