PLINK v1.90b6.23 64-bit (28 May 2021)
Options in effect:
  --allow-extra-chr
  --double-id
  --make-bed
  --out F1F3_LOWvMOD
  --vcf F1F3_LOWvMOD_merge.vcf.gz

Hostname: node01.cluster
Working directory: /home/sgurr/Airradians_lcWGS/snakemake_pipeline/angsd/analysis/7_F1F3_LOWvMOD_Juveniles
Start time: Mon May 20 12:09:09 2024

Random number seed: 1716232149
95104 MB RAM detected; reserving 47552 MB for main workspace.
--vcf: F1F3_LOWvMOD-temporary.bed + F1F3_LOWvMOD-temporary.bim +
F1F3_LOWvMOD-temporary.fam written.
96703 variants loaded from .bim file.
180 people (0 males, 0 females, 180 ambiguous) loaded from .fam.
Ambiguous sex IDs written to F1F3_LOWvMOD.nosex .
Using 1 thread (no multithreaded calculations invoked).
Before main variant filters, 180 founders and 0 nonfounders present.
Calculating allele frequencies... done.
Total genotyping rate is 0.378126.
96703 variants and 180 people pass filters and QC.
Note: No phenotypes present.
--make-bed to F1F3_LOWvMOD.bed + F1F3_LOWvMOD.bim + F1F3_LOWvMOD.fam ... done.

End time: Mon May 20 12:09:11 2024
