PLINK v1.90b6.23 64-bit (28 May 2021)
Options in effect:
  --allow-extra-chr
  --double-id
  --make-bed
  --out plink_bed/pH75/F0_F1Juveniles_merged_pH75
  --vcf F0_F1JuvenilespH75_merged.vcf.gz

Hostname: node11.cluster
Working directory: /home/sgurr/Airradians_lcWGS/snakemake_pipeline/angsd/analysis/4_F0Broodstock_F1Juveniles/merged
Start time: Fri May 10 07:39:05 2024

Random number seed: 1715351945
95104 MB RAM detected; reserving 47552 MB for main workspace.
--vcf: plink_bed/pH75/F0_F1Juveniles_merged_pH75-temporary.bed +
plink_bed/pH75/F0_F1Juveniles_merged_pH75-temporary.bim +
plink_bed/pH75/F0_F1Juveniles_merged_pH75-temporary.fam written.
52544 variants loaded from .bim file.
68 people (0 males, 0 females, 68 ambiguous) loaded from .fam.
Ambiguous sex IDs written to plink_bed/pH75/F0_F1Juveniles_merged_pH75.nosex .
Using 1 thread (no multithreaded calculations invoked).
Before main variant filters, 68 founders and 0 nonfounders present.
Calculating allele frequencies... done.
Total genotyping rate is 0.543315.
52544 variants and 68 people pass filters and QC.
Note: No phenotypes present.
--make-bed to plink_bed/pH75/F0_F1Juveniles_merged_pH75.bed +
plink_bed/pH75/F0_F1Juveniles_merged_pH75.bim +
plink_bed/pH75/F0_F1Juveniles_merged_pH75.fam ... done.

End time: Fri May 10 07:39:05 2024
