PLINK v1.90b6.23 64-bit (28 May 2021)
Options in effect:
  --allow-extra-chr
  --double-id
  --make-bed
  --out plink_bed/pH8/F0_F1Juveniles_merged_pH8
  --vcf F0_F1JuvenilespH8_merged.vcf.gz

Hostname: node11.cluster
Working directory: /home/sgurr/Airradians_lcWGS/snakemake_pipeline/angsd/analysis/4_F0Broodstock_F1Juveniles/merged
Start time: Fri May 10 07:39:21 2024

Random number seed: 1715351961
95104 MB RAM detected; reserving 47552 MB for main workspace.
--vcf: plink_bed/pH8/F0_F1Juveniles_merged_pH8-temporary.bed +
plink_bed/pH8/F0_F1Juveniles_merged_pH8-temporary.bim +
plink_bed/pH8/F0_F1Juveniles_merged_pH8-temporary.fam written.
73573 variants loaded from .bim file.
63 people (0 males, 0 females, 63 ambiguous) loaded from .fam.
Ambiguous sex IDs written to plink_bed/pH8/F0_F1Juveniles_merged_pH8.nosex .
Using 1 thread (no multithreaded calculations invoked).
Before main variant filters, 63 founders and 0 nonfounders present.
Calculating allele frequencies... done.
Total genotyping rate is 0.633922.
73573 variants and 63 people pass filters and QC.
Note: No phenotypes present.
--make-bed to plink_bed/pH8/F0_F1Juveniles_merged_pH8.bed +
plink_bed/pH8/F0_F1Juveniles_merged_pH8.bim +
plink_bed/pH8/F0_F1Juveniles_merged_pH8.fam ... done.

End time: Fri May 10 07:39:22 2024
