PLINK v1.90b6.23 64-bit (28 May 2021)
Options in effect:
  --allow-extra-chr
  --double-id
  --make-bed
  --out plink_bed/F0F1_intersect
  --vcf F0F1_intersect.vcf.gz

Hostname: node11.cluster
Working directory: /home/sgurr/Airradians_lcWGS/snakemake_pipeline/angsd/analysis/4_F0Broodstock_F1Juveniles/intersect/compress_merge
Start time: Fri May 10 07:55:20 2024

Random number seed: 1715352920
95104 MB RAM detected; reserving 47552 MB for main workspace.
--vcf: plink_bed/F0F1_intersect-temporary.bed +
plink_bed/F0F1_intersect-temporary.bim + plink_bed/F0F1_intersect-temporary.fam
written.
6048 variants loaded from .bim file.
105 people (0 males, 0 females, 105 ambiguous) loaded from .fam.
Ambiguous sex IDs written to plink_bed/F0F1_intersect.nosex .
Using 1 thread (no multithreaded calculations invoked).
Before main variant filters, 105 founders and 0 nonfounders present.
Calculating allele frequencies... done.
Total genotyping rate is exactly 1.
6048 variants and 105 people pass filters and QC.
Note: No phenotypes present.
--make-bed to plink_bed/F0F1_intersect.bed + plink_bed/F0F1_intersect.bim +
plink_bed/F0F1_intersect.fam ... done.

End time: Fri May 10 07:55:20 2024
